8544: 21:39:02.256 - ---
8544: 21:39:02.256 - Service: "Photon Socket Server" starting
8544: 21:39:02.256 - Config File: D:\Photon-OnPremise-Server-SDK_v4-0-29-11263\deploy\bin_Win64\PhotonServer.config
8544: 21:39:02.257 - Will produce at most: 10 crash dumps
8544: 21:39:02.257 - Service shutting down
8544: 21:39:02.258 - Service shut down complete
8004: 21:42:27.257 - ---
8004: 21:42:27.257 - Service: "Photon Socket Server" starting
8004: 21:42:27.257 - Config File: D:\Photon-OnPremise-Server-SDK_v4-0-29-11263\deploy\bin_Win64\PhotonServer.config
8004: 21:42:27.258 - Will produce at most: 10 crash dumps
8004: 21:42:27.258 - Service shutting down
8004: 21:42:27.259 - Service shut down complete
6340: 22:20:37.520 - ---
6340: 22:20:37.520 - Service: "Photon Socket Server" starting
6340: 22:20:37.521 - Config File: D:\Photon-OnPremise-Server-SDK_v4-0-29-11263\deploy\bin_Win64\PhotonServer.config
6340: 22:20:37.525 - Will produce at most: 10 crash dumps
6340: 22:20:37.525 - Service shutting down
6340: 22:20:37.526 - Service shut down complete
6560: 22:38:35.787 - ---
6560: 22:38:35.787 - Service: "Photon Socket Server" starting
6560: 22:38:35.787 - Config File: D:\Photon-OnPremise-Server-SDK_v4-0-29-11263\deploy\bin_Win64\PhotonServer.config
6560: 22:38:35.787 - Will produce at most: 10 crash dumps
6560: 22:38:35.787 - Service shutting down
6560: 22:38:35.787 - Service shut down complete
7408: 23:03:52.053 - ---
7408: 23:03:52.053 - Service: "Photon Socket Server" starting
7408: 23:03:52.053 - Config File: D:\Photon-OnPremise-Server-SDK_v4-0-29-11263\deploy\bin_Win64\PhotonServer.config
7408: 23:03:52.054 - Will produce at most: 10 crash dumps
7408: 23:03:52.054 - Service shutting down
7408: 23:03:52.055 - Service shut down complete
10156: 23:06:30.017 - ---
10156: 23:06:30.017 - Service: "Photon Socket Server" starting
10156: 23:06:30.017 - Config File: D:\Photon-OnPremise-Server-SDK_v4-0-29-11263\deploy\bin_Win64\PhotonServer.config
10156: 23:06:30.020 - Will produce at most: 10 crash dumps
10156: 23:06:30.020 - Service shutting down
10156: 23:06:30.021 - Service shut down complete
