6676: 20:34:37.937 - ---
6676: 20:34:37.937 - Service: "Photon Socket Server" starting
6676: 20:34:37.937 - Config File: D:\Photon-OnPremise-Server-SDK_v4-0-29-11263\deploy\bin_Win64\PhotonServer.config
6676: 20:34:37.937 - Will produce at most: 10 crash dumps
6676: 20:34:37.937 - Service shutting down
6676: 20:34:37.937 - Service shut down complete
9460: 21:10:02.269 - ---
9460: 21:10:02.269 - Service: "Photon Socket Server" starting
9460: 21:10:02.269 - Config File: D:\Photon-OnPremise-Server-SDK_v4-0-29-11263\deploy\bin_Win64\PhotonServer.config
9460: 21:10:02.271 - Will produce at most: 10 crash dumps
9460: 21:10:02.271 - Service shutting down
9460: 21:10:02.271 - Service shut down complete
10168: 21:11:55.819 - ---
10168: 21:11:55.819 - Service: "Photon Socket Server" starting
10168: 21:11:55.819 - Config File: D:\Photon-OnPremise-Server-SDK_v4-0-29-11263\deploy\bin_Win64\PhotonServer.config
10168: 21:11:55.821 - Will produce at most: 10 crash dumps
10168: 21:11:55.821 - Service shutting down
10168: 21:11:55.822 - Service shut down complete
10956: 21:43:04.828 - ---
10956: 21:43:04.828 - Service: "Photon Socket Server" starting
10956: 21:43:04.828 - Config File: D:\Photon-OnPremise-Server-SDK_v4-0-29-11263\deploy\bin_Win64\PhotonServer.config
10956: 21:43:04.834 - Will produce at most: 10 crash dumps
10956: 21:43:04.834 - Service shutting down
10956: 21:43:04.836 - Service shut down complete
5716: 21:45:34.825 - ---
5716: 21:45:34.825 - Service: "Photon Socket Server" starting
5716: 21:45:34.825 - Config File: D:\Photon-OnPremise-Server-SDK_v4-0-29-11263\deploy\bin_Win64\PhotonServer.config
5716: 21:45:34.827 - Will produce at most: 10 crash dumps
5716: 21:45:34.827 - Service shutting down
5716: 21:45:34.828 - Service shut down complete
6952: 21:47:11.445 - ---
6952: 21:47:11.445 - Service: "Photon Socket Server" starting
6952: 21:47:11.446 - Config File: D:\Photon-OnPremise-Server-SDK_v4-0-29-11263\deploy\bin_Win64\PhotonServer.config
6952: 21:47:11.447 - Will produce at most: 10 crash dumps
6952: 21:47:11.447 - Service shutting down
6952: 21:47:11.449 - Service shut down complete
7544: 22:43:23.425 - ---
7544: 22:43:23.425 - Service: "Photon Socket Server" starting
7544: 22:43:23.425 - Config File: D:\Photon-OnPremise-Server-SDK_v4-0-29-11263\deploy\bin_Win64\PhotonServer.config
7544: 22:43:23.426 - Will produce at most: 10 crash dumps
7544: 22:43:23.426 - Service shutting down
7544: 22:43:23.427 - Service shut down complete
