7276: 20:44:05.320 - FAILED license server contact - trying next URL.
7080: 20:44:06.814 - Connect to Photon License Server failed. Trying again later. Allowed days without contact: 2
10820: 21:44:06.814 - FAILED license server contact - trying next URL.
10820: 21:44:06.814 - Connect to Photon License Server failed. Trying again later. Allowed days without contact: 2
3036: 21:53:47.592 - Service is stopped...
3036: 21:53:47.592 - Server shutting down...
3036: 21:53:47.592 - Shutdown monitoring enabled, 30000ms before process abort
3036: 21:53:47.592 - Notifying CLR applications of shutdown...
3036: 21:53:47.592 - RequestApplicationStop: 2
3036: 21:53:48.078 - RequestStop: defalt app domain
3036: 21:53:48.140 - Shutting down WebSocket Outbound Connection Manager...
3036: 21:53:48.140 - Shutting down TCP Outbound Connection Manager...
3036: 21:53:48.140 - Shutting down ENet Outbound Connection Manager...
3036: 21:53:48.140 - Disconnecting all outbound peers...
3036: 21:53:48.140 - Shutting down ENet host...
3036: 21:53:48.140 - Disconnecting all peers...
3036: 21:53:48.140 - Shutting down socket servers...
3036: 21:53:48.140 - Shutting down ENet thread pool...
3036: 21:53:48.156 - Shutting down TCP inactivity timers...
3036: 21:53:48.156 - WaitingForShutdownToComplete: TCP:0.0.0.0:4530
3036: 21:53:48.156 - OnShutdownCompleted: TCP:0.0.0.0:4530
3036: 21:53:48.156 - WaitingForShutdownToComplete: UDP:127.0.0.1:5055
3036: 21:53:48.156 - OnShutdownCompleted: UDP:127.0.0.1:5055
3036: 21:53:48.156 - WaitingForShutdownToComplete: UDP:192.168.0.4:5055
3036: 21:53:48.156 - OnShutdownCompleted: UDP:192.168.0.4:5055
3036: 21:53:48.156 - Shutting down CLR applications...
3036: 21:53:48.171 - Shutting down business logic thread pool...
7900: 21:53:48.171 - CManagedHost::OnDefaultAction() - OPR_AppDomainUnload - eUnloadAppDomain
3036: 21:53:48.171 - Shutting down I/O thread pool...
3036: 21:53:48.171 - Destroying servers
3036: 21:53:48.171 - Destroying WebSocket Outbound Connection Manager
3036: 21:53:48.171 - Destroying TCP Outbound Connection Manager
3036: 21:53:48.171 - Destroying TCP inactivity timer
3036: 21:53:48.171 - Destroying ENet timer wheel
3036: 21:53:48.171 - Destroying ENet host
3036: 21:53:48.171 - Destroying ENet outbound host
3036: 21:53:48.171 - Destroying HTTP inactivity timer
3036: 21:53:48.171 - Destroying HTTP host
3036: 21:53:48.171 - Destroying HTTP Chunk host
3036: 21:53:48.171 - Flushing ENET buffer allocator...
3036: 21:53:48.171 - Flushing TCP buffer handle allocator...
3036: 21:53:48.171 - Flushing stream socket allocator...
3036: 21:53:48.171 - Flushing inbound datagram socket allocator...
3036: 21:53:48.171 - Flushing outbound datagram socket allocator...
3036: 21:53:48.171 - Destroying CLR dispatcher
3036: 21:53:48.171 - Destroying CLR applications
3036: 21:53:48.171 - ~CCLRApplicationCollection() - Waiting up to 10 seconds for the CLR to release all of our objects
6604: 21:53:48.171 - Unloading Domain: ApplicationName = 'SLGame', DomainId='2'
7900: 21:53:48.171 - CManagedHost::OnDomainUnload() - 2
3036: 21:53:48.187 - ~CCLRApplicationCollection() - Done. All objects released
3036: 21:53:48.187 - ~CManagedHost() - Release default app domain
3036: 21:53:48.187 - CManagedHost::OnDomainUnload() - 1
3036: 21:53:48.187 - ~CManagedHost() - Waiting up to 10 seconds for CLR shutdown...
3036: 21:53:48.203 - ~CManagedHost
3036: 21:53:48.203 - Destroying ENet thread pool
3036: 21:53:48.203 - Destroying Business logic thread pool
3036: 21:53:48.203 - Destroying I/O thread pool
3036: 21:53:48.203 - Destroying ENet buffer allocator
3036: 21:53:48.203 - Destroying TCP buffer allocator
3036: 21:53:48.203 - Destroying TCP socket allocator
3036: 21:53:48.203 - Destroying ENet inbound socket allocator
3036: 21:53:48.203 - Destroying ENet outbound socket allocator
3036: 21:53:48.203 - Destroying shared datagram flow control data
3036: 21:53:48.203 - Shutdown complete...
3036: 21:53:48.203 - Service shutting down
3036: 21:53:48.203 - Service shut down complete
