6164: 10:51:28.785 - ---
6164: 10:51:28.785 - Service: "Photon Socket Server" starting
6164: 10:51:28.785 - Config File: D:\Photon-OnPremise-Server-SDK_v4-0-29-11263\deploy\bin_Win64\PhotonServer.config
6164: 10:51:28.787 - Will produce at most: 10 crash dumps
6164: 10:51:28.787 - Service shutting down
6164: 10:51:28.788 - Service shut down complete
12276: 10:56:18.754 - ---
12276: 10:56:18.754 - Service: "Photon Socket Server" starting
12276: 10:56:18.754 - Config File: D:\Photon-OnPremise-Server-SDK_v4-0-29-11263\deploy\bin_Win64\PhotonServer.config
12276: 10:56:18.754 - Will produce at most: 10 crash dumps
12276: 10:56:18.754 - Service shutting down
12276: 10:56:18.754 - Service shut down complete
2996: 14:12:36.138 - ---
2996: 14:12:36.138 - Service: "Photon Socket Server" starting
2996: 14:12:36.138 - Config File: D:\Photon-OnPremise-Server-SDK_v4-0-29-11263\deploy\bin_Win64\PhotonServer.config
2996: 14:12:36.140 - Will produce at most: 10 crash dumps
2996: 14:12:36.140 - Service shutting down
2996: 14:12:36.141 - Service shut down complete
492: 17:18:27.022 - ---
492: 17:18:27.022 - Service: "Photon Socket Server" starting
492: 17:18:27.023 - Config File: D:\Photon-OnPremise-Server-SDK_v4-0-29-11263\deploy\bin_Win64\PhotonServer.config
492: 17:18:27.025 - Will produce at most: 10 crash dumps
492: 17:18:27.025 - Service shutting down
492: 17:18:27.026 - Service shut down complete
3868: 17:32:56.092 - ---
3868: 17:32:56.092 - Service: "Photon Socket Server" starting
3868: 17:32:56.092 - Config File: D:\Photon-OnPremise-Server-SDK_v4-0-29-11263\deploy\bin_Win64\PhotonServer.config
3868: 17:32:56.094 - Will produce at most: 10 crash dumps
3868: 17:32:56.094 - Service shutting down
3868: 17:32:56.096 - Service shut down complete
12020: 23:17:37.607 - ---
12020: 23:17:37.607 - Service: "Photon Socket Server" starting
12020: 23:17:37.607 - Config File: D:\Photon-OnPremise-Server-SDK_v4-0-29-11263\deploy\bin_Win64\PhotonServer.config
12020: 23:17:37.622 - Will produce at most: 10 crash dumps
12020: 23:17:37.622 - Service shutting down
12020: 23:17:37.622 - Service shut down complete
7672: 23:20:08.864 - ---
7672: 23:20:08.864 - Service: "Photon Socket Server" starting
7672: 23:20:08.864 - Config File: D:\Photon-OnPremise-Server-SDK_v4-0-29-11263\deploy\bin_Win64\PhotonServer.config
7672: 23:20:08.864 - Will produce at most: 10 crash dumps
7672: 23:20:08.864 - Service shutting down
7672: 23:20:08.864 - Service shut down complete
11252: 23:25:32.177 - ---
11252: 23:25:32.177 - Service: "Photon Socket Server" starting
11252: 23:25:32.177 - Config File: D:\Photon-OnPremise-Server-SDK_v4-0-29-11263\deploy\bin_Win64\PhotonServer.config
11252: 23:25:32.179 - Will produce at most: 10 crash dumps
11252: 23:25:32.179 - Service shutting down
11252: 23:25:32.179 - Service shut down complete
11492: 23:32:45.825 - ---
11492: 23:32:45.825 - Service: "Photon Socket Server" starting
11492: 23:32:45.825 - Config File: D:\Photon-OnPremise-Server-SDK_v4-0-29-11263\deploy\bin_Win64\PhotonServer.config
11492: 23:32:45.826 - Will produce at most: 10 crash dumps
11492: 23:32:45.826 - Service shutting down
11492: 23:32:45.828 - Service shut down complete
8968: 23:35:03.801 - ---
8968: 23:35:03.801 - Service: "Photon Socket Server" starting
8968: 23:35:03.801 - Config File: D:\Photon-OnPremise-Server-SDK_v4-0-29-11263\deploy\bin_Win64\PhotonServer.config
8968: 23:35:03.803 - Will produce at most: 10 crash dumps
8968: 23:35:03.803 - Service shutting down
8968: 23:35:03.820 - Service shut down complete
