6208: 11:56:25.858 - ---
6208: 11:56:25.858 - Service: "Photon Socket Server" starting
6208: 11:56:25.858 - Config File: D:\Photon-OnPremise-Server-SDK_v4-0-29-11263\deploy\bin_Win64\PhotonServer.config
6208: 11:56:25.861 - Will produce at most: 10 crash dumps
6208: 11:56:25.862 - Service shutting down
6208: 11:56:25.863 - Service shut down complete
9244: 12:07:54.834 - ---
9244: 12:07:54.834 - Service: "Photon Socket Server" starting
9244: 12:07:54.834 - Config File: D:\Photon-OnPremise-Server-SDK_v4-0-29-11263\deploy\bin_Win64\PhotonServer.config
9244: 12:07:54.835 - Will produce at most: 10 crash dumps
9244: 12:07:54.835 - Service shutting down
9244: 12:07:54.838 - Service shut down complete
872: 12:08:11.186 - ---
872: 12:08:11.186 - Service: "Photon Socket Server" starting
872: 12:08:11.186 - Config File: D:\Photon-OnPremise-Server-SDK_v4-0-29-11263\deploy\bin_Win64\PhotonServer.config
872: 12:08:11.188 - Will produce at most: 10 crash dumps
872: 12:08:11.188 - Service shutting down
872: 12:08:11.189 - Service shut down complete
7756: 12:57:17.423 - ---
7756: 12:57:17.423 - Service: "Photon Socket Server" starting
7756: 12:57:17.423 - Config File: D:\Photon-OnPremise-Server-SDK_v4-0-29-11263\deploy\bin_Win64\PhotonServer.config
7756: 12:57:17.425 - Will produce at most: 10 crash dumps
7756: 12:57:17.425 - Service shutting down
7756: 12:57:17.426 - Service shut down complete
4956: 13:57:35.035 - ---
4956: 13:57:35.035 - Service: "Photon Socket Server" starting
4956: 13:57:35.035 - Config File: D:\Photon-OnPremise-Server-SDK_v4-0-29-11263\deploy\bin_Win64\PhotonServer.config
4956: 13:57:35.037 - Will produce at most: 10 crash dumps
4956: 13:57:35.037 - Service shutting down
4956: 13:57:35.038 - Service shut down complete
5752: 15:09:25.733 - ---
5752: 15:09:25.733 - Service: "Photon Socket Server" starting
5752: 15:09:25.733 - Config File: D:\Photon-OnPremise-Server-SDK_v4-0-29-11263\deploy\bin_Win64\PhotonServer.config
5752: 15:09:25.735 - Will produce at most: 10 crash dumps
5752: 15:09:25.736 - Service shutting down
5752: 15:09:25.737 - Service shut down complete
11216: 15:11:54.137 - ---
11216: 15:11:54.137 - Service: "Photon Socket Server" starting
11216: 15:11:54.137 - Config File: D:\Photon-OnPremise-Server-SDK_v4-0-29-11263\deploy\bin_Win64\PhotonServer.config
11216: 15:11:54.139 - Will produce at most: 10 crash dumps
11216: 15:11:54.139 - Service shutting down
11216: 15:11:54.140 - Service shut down complete
11828: 15:14:46.962 - ---
11828: 15:14:46.962 - Service: "Photon Socket Server" starting
11828: 15:14:46.963 - Config File: D:\Photon-OnPremise-Server-SDK_v4-0-29-11263\deploy\bin_Win64\PhotonServer.config
11828: 15:14:46.965 - Will produce at most: 10 crash dumps
11828: 15:14:46.965 - Service shutting down
11828: 15:14:46.966 - Service shut down complete
11448: 15:16:26.555 - ---
11448: 15:16:26.555 - Service: "Photon Socket Server" starting
11448: 15:16:26.556 - Config File: D:\Photon-OnPremise-Server-SDK_v4-0-29-11263\deploy\bin_Win64\PhotonServer.config
11448: 15:16:26.557 - Will produce at most: 10 crash dumps
11448: 15:16:26.557 - Service shutting down
11448: 15:16:26.559 - Service shut down complete
7140: 15:18:49.294 - ---
7140: 15:18:49.294 - Service: "Photon Socket Server" starting
7140: 15:18:49.294 - Config File: D:\Photon-OnPremise-Server-SDK_v4-0-29-11263\deploy\bin_Win64\PhotonServer.config
7140: 15:18:49.296 - Will produce at most: 10 crash dumps
7140: 15:18:49.296 - Service shutting down
7140: 15:18:49.306 - Service shut down complete
